0 info it worked if it ends with ok
1 verbose cli [ '/usr/local/bin/node',
1 verbose cli   '/usr/local/bin/npm',
1 verbose cli   'install',
1 verbose cli   'buffer' ]
2 info using npm@1.2.32
3 info using node@v0.10.12
4 verbose read json /Users/sema/AirPollutionDataServer/package.json
5 verbose read json /Users/sema/AirPollutionDataServer/node_modules/http-agent/package.json
6 verbose read json /Users/sema/AirPollutionDataServer/node_modules/iconv/package.json
7 verbose read json /Users/sema/AirPollutionDataServer/node_modules/jquery/package.json
8 verbose read json /Users/sema/AirPollutionDataServer/node_modules/jsdom/package.json
9 verbose read json /Users/sema/AirPollutionDataServer/node_modules/q/package.json
10 verbose read json /Users/sema/AirPollutionDataServer/node_modules/request/package.json
11 verbose read json /Users/sema/AirPollutionDataServer/node_modules/socket.io/package.json
12 verbose read json /Users/sema/AirPollutionDataServer/package.json
13 verbose cache add [ 'buffer', null ]
14 verbose cache add name=undefined spec="buffer" args=["buffer",null]
15 verbose parsed url { protocol: null,
15 verbose parsed url   slashes: null,
15 verbose parsed url   auth: null,
15 verbose parsed url   host: null,
15 verbose parsed url   port: null,
15 verbose parsed url   hostname: null,
15 verbose parsed url   hash: null,
15 verbose parsed url   search: null,
15 verbose parsed url   query: null,
15 verbose parsed url   pathname: 'buffer',
15 verbose parsed url   path: 'buffer',
15 verbose parsed url   href: 'buffer' }
16 silly lockFile e53c2ea1-buffer buffer
17 verbose lock buffer /Users/sema/.npm/e53c2ea1-buffer.lock
18 silly lockFile e53c2ea1-buffer buffer
19 silly lockFile e53c2ea1-buffer buffer
20 verbose addNamed [ 'buffer', '' ]
21 verbose addNamed [ null, '' ]
22 silly lockFile 777de10c-buffer buffer@
23 verbose lock buffer@ /Users/sema/.npm/777de10c-buffer.lock
24 silly addNameRange { name: 'buffer', range: '', hasData: false }
25 verbose url raw buffer
26 verbose url resolving [ 'https://registry.npmjs.org/', './buffer' ]
27 verbose url resolved https://registry.npmjs.org/buffer
28 info trying registry request attempt 1 at 19:42:19
29 http GET https://registry.npmjs.org/buffer
30 http 404 https://registry.npmjs.org/buffer
31 silly registry.get cb [ 404,
31 silly registry.get   { server: 'CouchDB/1.3.0 (Erlang OTP/R15B03)',
31 silly registry.get     date: 'Thu, 11 Jul 2013 17:42:21 GMT',
31 silly registry.get     'content-type': 'application/json',
31 silly registry.get     'content-length': '52',
31 silly registry.get     'cache-control': 'must-revalidate' } ]
32 silly lockFile 777de10c-buffer buffer@
33 silly lockFile 777de10c-buffer buffer@
34 error 404 'buffer' is not in the npm registry.
34 error 404 You should bug the author to publish it
34 error 404
34 error 404 Note that you can also install from a
34 error 404 tarball, folder, or http url, or git url.
35 error System Darwin 11.4.2
36 error command "/usr/local/bin/node" "/usr/local/bin/npm" "install" "buffer"
37 error cwd /Users/sema/AirPollutionDataServer
38 error node -v v0.10.12
39 error npm -v 1.2.32
40 error code E404
41 verbose exit [ 1, true ]
